torch.Size([8, 1, 256, 256])
True
image  100:0.8951230038843332 0.9400839587838697 0.875968992248062 0.7764586235104243 0.7830206923225682 0.9363110008271298 0.9157667386609071 0.8704684317718941 
mDice :  0.8741501802511487
torch.Size([8, 1, 256, 256])
True
image  101:0.9048918748687802 0.9590569146913424 0.7958656330749354 0.8637552361776482 0.8370398056438049 0.9588785046728971 0.9147540983606557 0.5959555908009516 
mDice :  0.8537747072863769
torch.Size([8, 1, 256, 256])
True
image  102:0.9755999193385764 0.9336584113948415 0.9322985957132298 0.9338537387017255 0.9543336439888164 0.9597490852064819 0.03692030616839262 0.6321963544486555 
mDice :  0.79482625687009
torch.Size([8, 1, 256, 256])
True
image  103:0.9827036428640449 0.9272704434116317 0.9590640617900954 0.9666836474783495 0.9305301645338209 0.9469026548672567 0.612728367797631 0.7053711888530976 
mDice :  0.8789067714494909
torch.Size([8, 1, 256, 256])
True
image  104:0.9790364104450165 0.9125265924164685 0.9420751113940166 0.9735730425385598 0.935908691834943 0.9524772497472194 0.6762468300929839 0.6158019074284714
mDice :  0.8734557294872098
torch.Size([8, 1, 256, 256])
True
image  105:0.9742689031351541 0.9151022110972048 0.9041223727988315 0.9685534591194969 0.9273840769903762 0.9356846473029046 0.8532464889069815 0.5393486483992989
mDice :  0.877213850968781
torch.Size([9, 1, 256, 256])
True
image  106:0.9294781382228491 0.9566677863621095 0.9463716108452951 0.7914157892966464 0.954123882080159 0.9300265721877768 0.83576803895529 0.9006820828481118 0.18355828220858897
mDice :  0.8253435758896475
torch.Size([9, 1, 256, 256])
True
image  107:0.9471561113352158 0.96341059602649 0.9479126771351972 0.8285649607327563 0.9524166354439865 0.9550173010380623 0.8631284916201117 0.8668438145851787 0.41349215709399695
mDice :  0.8597714161123329
torch.Size([9, 1, 256, 256])
True
image  108:0.9652398735995403 0.9703436108544065 0.9409629346580054 0.82 0.9539553032990422 0.9578947368421052 0.9501525940996948 0.8685102586975915 0.4599228461208744
mDice :  0.8763313509079178
torch.Size([9, 1, 256, 256])
True
image  109:0.966720220335093 0.9824378368979308 0.9626865671641791 0.8763150132730312 0.9658516596093429 0.9598070739549839 0.959417273673257 0.8794560065938595 0.4353957341794465
mDice :  0.8875652650756805